<?xml version="1.0" encoding="UTF-8"?>
<robot generator="Robot 7.3.2 (Python 3.12.3 on win32)" generated="2026-06-16T16:28:00.640689" rpa="false" schemaversion="5">
<suite id="s1" name="Tauri Test" source="C:\Users\RUTUJA DESHPANDE\Desktop\tauri-automation-demo\tauri-demo\robot-tests\tauri_test.robot">
<test id="s1-t1" name="Verify Tauri Greeting Flow" line="8">
<kw name="New Browser" owner="Browser">
<msg time="2026-06-16T16:28:00.903955" level="INFO">{"browser": "chromium", "headless": true, "chromiumSandbox": false, "devtools": false, "handleSIGHUP": true, "handleSIGINT": true, "handleSIGTERM": true, "slowMo": 0.0, "timeout": 30000.0, "tracesDir": "C:\\Users\\RUTUJA DESHPANDE\\Desktop\\tauri-automation-demo\\tauri-demo\\robot-tests\\browser\\traces\\temp\\a15430f3-f2b2-46c2-83ae-23cedbdc0859"}</msg>
<msg time="2026-06-16T16:28:00.946764" level="INFO">Starting Browser process C:\Users\RUTUJA DESHPANDE\AppData\Local\Programs\Python\Python312\Lib\site-packages\Browser\wrapper\index.js using at 127.0.0.1:62197</msg>
<msg time="2026-06-16T16:28:02.088949" level="INFO">Successfully created browser with options: {"browser":"chromium","headless":true,"chromiumSandbox":false,"devtools":false,"handleSIGHUP":true,"handleSIGINT":true,"handleSIGTERM":true,"slowMo":0,"timeout":30000,"tracesDir":"C:\\Users\\RUTUJA DESHPANDE\\Desktop\\tauri-automation-demo\\tauri-demo\\robot-tests\\browser\\traces\\temp\\a15430f3-f2b2-46c2-83ae-23cedbdc0859"}</msg>
<arg>chromium</arg>
<tag>BrowserControl</tag>
<tag>Setter</tag>
<doc>Create a new playwright Browser with specified options.</doc>
<status status="PASS" start="2026-06-16T16:28:00.887853" elapsed="1.201096"/>
</kw>
<kw name="New Page" owner="Browser">
<msg time="2026-06-16T16:28:02.380159" level="INFO">Successfully initialized new page object and opened url: http://localhost:1420/</msg>
<msg time="2026-06-16T16:28:02.381329" level="INFO">No context was open. New context was automatically opened when this page is created.</msg>
<arg>${URL}</arg>
<tag>BrowserControl</tag>
<tag>Setter</tag>
<doc>Open a new Page.</doc>
<status status="PASS" start="2026-06-16T16:28:02.096029" elapsed="0.285300"/>
</kw>
<kw name="Fill Text" owner="Browser">
<msg time="2026-06-16T16:28:02.382726" level="INFO">Fills the text 'Rutuja' in the given field.</msg>
<arg>[data-testid="name-input"]</arg>
<arg>Rutuja</arg>
<tag>PageContent</tag>
<tag>Setter</tag>
<doc>Clears and fills the given ``txt`` into the text field found by ``selector``.</doc>
<status status="PASS" start="2026-06-16T16:28:02.381329" elapsed="0.064516"/>
</kw>
<kw name="Click" owner="Browser">
<msg time="2026-06-16T16:28:02.446843" level="INFO">Clicks the element '[data-testid="submit-btn"]'.</msg>
<arg>[data-testid="submit-btn"]</arg>
<tag>PageContent</tag>
<tag>Setter</tag>
<doc>Simulates mouse click on the element found by ``selector``.</doc>
<status status="PASS" start="2026-06-16T16:28:02.445845" elapsed="0.047457"/>
</kw>
<kw name="Get Text" owner="Browser">
<msg time="2026-06-16T16:28:02.532692" level="INFO">Text: 'Hello Rutuja'</msg>
<msg time="2026-06-16T16:28:02.532692" level="INFO">${msg} = Hello Rutuja</msg>
<var>${msg}</var>
<arg>[data-testid="greeting-msg"]</arg>
<tag>Assertion</tag>
<tag>Getter</tag>
<tag>PageContent</tag>
<doc>Returns text attribute of the element found by ``selector``.</doc>
<status status="PASS" start="2026-06-16T16:28:02.494302" elapsed="0.038390"/>
</kw>
<kw name="Should Be Equal" owner="BuiltIn">
<arg>${msg}</arg>
<arg>Hello Rutuja</arg>
<doc>Fails if the given objects are unequal.</doc>
<status status="PASS" start="2026-06-16T16:28:02.533691" elapsed="0.000000"/>
</kw>
<kw name="Close Browser" owner="Browser">
<msg time="2026-06-16T16:28:02.641696" level="INFO">Closed browser</msg>
<tag>BrowserControl</tag>
<tag>Setter</tag>
<doc>Closes the current browser.</doc>
<status status="PASS" start="2026-06-16T16:28:02.534411" elapsed="0.108303"/>
</kw>
<status status="PASS" start="2026-06-16T16:28:00.887853" elapsed="1.755856"/>
</test>
<test id="s1-t2" name="Verify Application Launches" line="21">
<kw name="New Browser" owner="Browser">
<msg time="2026-06-16T16:28:02.664525" level="INFO">{"browser": "chromium", "headless": true, "chromiumSandbox": false, "devtools": false, "handleSIGHUP": true, "handleSIGINT": true, "handleSIGTERM": true, "slowMo": 0.0, "timeout": 30000.0, "tracesDir": "C:\\Users\\RUTUJA DESHPANDE\\Desktop\\tauri-automation-demo\\tauri-demo\\robot-tests\\browser\\traces\\temp\\517b12b5-23dd-47fe-a05a-7775a9eb580f"}</msg>
<msg time="2026-06-16T16:28:02.795789" level="INFO">Successfully created browser with options: {"browser":"chromium","headless":true,"chromiumSandbox":false,"devtools":false,"handleSIGHUP":true,"handleSIGINT":true,"handleSIGTERM":true,"slowMo":0,"timeout":30000,"tracesDir":"C:\\Users\\RUTUJA DESHPANDE\\Desktop\\tauri-automation-demo\\tauri-demo\\robot-tests\\browser\\traces\\temp\\517b12b5-23dd-47fe-a05a-7775a9eb580f"}</msg>
<arg>chromium</arg>
<tag>BrowserControl</tag>
<tag>Setter</tag>
<doc>Create a new playwright Browser with specified options.</doc>
<status status="PASS" start="2026-06-16T16:28:02.663527" elapsed="0.132262"/>
</kw>
<kw name="New Page" owner="Browser">
<msg time="2026-06-16T16:28:03.080951" level="INFO">Successfully initialized new page object and opened url: http://localhost:1420/</msg>
<msg time="2026-06-16T16:28:03.080951" level="INFO">No context was open. New context was automatically opened when this page is created.</msg>
<arg>${URL}</arg>
<tag>BrowserControl</tag>
<tag>Setter</tag>
<doc>Open a new Page.</doc>
<status status="PASS" start="2026-06-16T16:28:02.799128" elapsed="0.281823"/>
</kw>
<kw name="Get Text" owner="Browser">
<msg time="2026-06-16T16:28:03.152008" level="INFO">Text: 'Tauri Robot Demo'</msg>
<msg time="2026-06-16T16:28:03.152008" level="INFO">${title} = Tauri Robot Demo</msg>
<var>${title}</var>
<arg>h1</arg>
<tag>Assertion</tag>
<tag>Getter</tag>
<tag>PageContent</tag>
<doc>Returns text attribute of the element found by ``selector``.</doc>
<status status="PASS" start="2026-06-16T16:28:03.082044" elapsed="0.069964"/>
</kw>
<kw name="Should Be Equal" owner="BuiltIn">
<arg>${title}</arg>
<arg>Tauri Robot Demo</arg>
<doc>Fails if the given objects are unequal.</doc>
<status status="PASS" start="2026-06-16T16:28:03.152008" elapsed="0.000999"/>
</kw>
<kw name="Close Browser" owner="Browser">
<msg time="2026-06-16T16:28:03.258033" level="INFO">Closed browser</msg>
<tag>BrowserControl</tag>
<tag>Setter</tag>
<doc>Closes the current browser.</doc>
<status status="PASS" start="2026-06-16T16:28:03.153007" elapsed="0.105026"/>
</kw>
<status status="PASS" start="2026-06-16T16:28:02.655621" elapsed="0.602412"/>
</test>
<test id="s1-t3" name="Verify Submit Button Is Disabled Initially" line="31">
<kw name="New Browser" owner="Browser">
<msg time="2026-06-16T16:28:03.270140" level="INFO">{"browser": "chromium", "headless": true, "chromiumSandbox": false, "devtools": false, "handleSIGHUP": true, "handleSIGINT": true, "handleSIGTERM": true, "slowMo": 0.0, "timeout": 30000.0, "tracesDir": "C:\\Users\\RUTUJA DESHPANDE\\Desktop\\tauri-automation-demo\\tauri-demo\\robot-tests\\browser\\traces\\temp\\dcd8407c-5a30-459d-9cf0-d0c546e4b732"}</msg>
<msg time="2026-06-16T16:28:03.375998" level="INFO">Successfully created browser with options: {"browser":"chromium","headless":true,"chromiumSandbox":false,"devtools":false,"handleSIGHUP":true,"handleSIGINT":true,"handleSIGTERM":true,"slowMo":0,"timeout":30000,"tracesDir":"C:\\Users\\RUTUJA DESHPANDE\\Desktop\\tauri-automation-demo\\tauri-demo\\robot-tests\\browser\\traces\\temp\\dcd8407c-5a30-459d-9cf0-d0c546e4b732"}</msg>
<arg>chromium</arg>
<tag>BrowserControl</tag>
<tag>Setter</tag>
<doc>Create a new playwright Browser with specified options.</doc>
<status status="PASS" start="2026-06-16T16:28:03.270140" elapsed="0.105858"/>
</kw>
<kw name="New Page" owner="Browser">
<msg time="2026-06-16T16:28:03.662513" level="INFO">Successfully initialized new page object and opened url: http://localhost:1420/</msg>
<msg time="2026-06-16T16:28:03.662513" level="INFO">No context was open. New context was automatically opened when this page is created.</msg>
<arg>${URL}</arg>
<tag>BrowserControl</tag>
<tag>Setter</tag>
<doc>Open a new Page.</doc>
<status status="PASS" start="2026-06-16T16:28:03.384807" elapsed="0.278752"/>
</kw>
<kw name="Get Property" owner="Browser">
<msg time="2026-06-16T16:28:03.750609" level="INFO">Property: True</msg>
<msg time="2026-06-16T16:28:03.750609" level="INFO">${disabled} = True</msg>
<var>${disabled}</var>
<arg>[data-testid="submit-btn"]</arg>
<arg>disabled</arg>
<tag>Assertion</tag>
<tag>Getter</tag>
<tag>PageContent</tag>
<doc>Returns the ``property`` of the element found by ``selector``.</doc>
<status status="PASS" start="2026-06-16T16:28:03.666791" elapsed="0.083818"/>
</kw>
<kw name="Should Be Equal" owner="BuiltIn">
<arg>${disabled}</arg>
<arg>${True}</arg>
<doc>Fails if the given objects are unequal.</doc>
<status status="PASS" start="2026-06-16T16:28:03.751609" elapsed="0.000000"/>
</kw>
<kw name="Close Browser" owner="Browser">
<msg time="2026-06-16T16:28:03.877643" level="INFO">Closed browser</msg>
<tag>BrowserControl</tag>
<tag>Setter</tag>
<doc>Closes the current browser.</doc>
<status status="PASS" start="2026-06-16T16:28:03.751609" elapsed="0.126034"/>
</kw>
<status status="PASS" start="2026-06-16T16:28:03.260039" elapsed="0.617604"/>
</test>
<test id="s1-t4" name="Verify Submit Button Is Enabled After Entering Name" line="41">
<kw name="New Browser" owner="Browser">
<msg time="2026-06-16T16:28:03.888874" level="INFO">{"browser": "chromium", "headless": true, "chromiumSandbox": false, "devtools": false, "handleSIGHUP": true, "handleSIGINT": true, "handleSIGTERM": true, "slowMo": 0.0, "timeout": 30000.0, "tracesDir": "C:\\Users\\RUTUJA DESHPANDE\\Desktop\\tauri-automation-demo\\tauri-demo\\robot-tests\\browser\\traces\\temp\\030073eb-c4ff-49c1-8aa2-b3ea3591d997"}</msg>
<msg time="2026-06-16T16:28:04.013642" level="INFO">Successfully created browser with options: {"browser":"chromium","headless":true,"chromiumSandbox":false,"devtools":false,"handleSIGHUP":true,"handleSIGINT":true,"handleSIGTERM":true,"slowMo":0,"timeout":30000,"tracesDir":"C:\\Users\\RUTUJA DESHPANDE\\Desktop\\tauri-automation-demo\\tauri-demo\\robot-tests\\browser\\traces\\temp\\030073eb-c4ff-49c1-8aa2-b3ea3591d997"}</msg>
<arg>chromium</arg>
<tag>BrowserControl</tag>
<tag>Setter</tag>
<doc>Create a new playwright Browser with specified options.</doc>
<status status="PASS" start="2026-06-16T16:28:03.888557" elapsed="0.125085"/>
</kw>
<kw name="New Page" owner="Browser">
<msg time="2026-06-16T16:28:04.332134" level="INFO">Successfully initialized new page object and opened url: http://localhost:1420/</msg>
<msg time="2026-06-16T16:28:04.332134" level="INFO">No context was open. New context was automatically opened when this page is created.</msg>
<arg>${URL}</arg>
<tag>BrowserControl</tag>
<tag>Setter</tag>
<doc>Open a new Page.</doc>
<status status="PASS" start="2026-06-16T16:28:04.018296" elapsed="0.313838"/>
</kw>
<kw name="Fill Text" owner="Browser">
<msg time="2026-06-16T16:28:04.333134" level="INFO">Fills the text 'Rutuja' in the given field.</msg>
<arg>[data-testid="name-input"]</arg>
<arg>Rutuja</arg>
<tag>PageContent</tag>
<tag>Setter</tag>
<doc>Clears and fills the given ``txt`` into the text field found by ``selector``.</doc>
<status status="PASS" start="2026-06-16T16:28:04.333134" elapsed="0.072417"/>
</kw>
<kw name="Get Property" owner="Browser">
<msg time="2026-06-16T16:28:04.447724" level="INFO">Property: False</msg>
<msg time="2026-06-16T16:28:04.447724" level="INFO">${disabled} = False</msg>
<var>${disabled}</var>
<arg>[data-testid="submit-btn"]</arg>
<arg>disabled</arg>
<tag>Assertion</tag>
<tag>Getter</tag>
<tag>PageContent</tag>
<doc>Returns the ``property`` of the element found by ``selector``.</doc>
<status status="PASS" start="2026-06-16T16:28:04.405551" elapsed="0.042173"/>
</kw>
<kw name="Should Be Equal" owner="BuiltIn">
<arg>${disabled}</arg>
<arg>${False}</arg>
<doc>Fails if the given objects are unequal.</doc>
<status status="PASS" start="2026-06-16T16:28:04.447724" elapsed="0.000000"/>
</kw>
<kw name="Close Browser" owner="Browser">
<msg time="2026-06-16T16:28:04.580198" level="INFO">Closed browser</msg>
<tag>BrowserControl</tag>
<tag>Setter</tag>
<doc>Closes the current browser.</doc>
<status status="PASS" start="2026-06-16T16:28:04.447724" elapsed="0.132474"/>
</kw>
<status status="PASS" start="2026-06-16T16:28:03.877643" elapsed="0.702555"/>
</test>
<status status="PASS" start="2026-06-16T16:28:00.640689" elapsed="3.939509"/>
</suite>
<statistics>
<total>
<stat pass="4" fail="0" skip="0">All Tests</stat>
</total>
<tag>
</tag>
<suite>
<stat name="Tauri Test" id="s1" pass="4" fail="0" skip="0">Tauri Test</stat>
</suite>
</statistics>
<errors>
</errors>
</robot>
