<?xml version="1.0" encoding="UTF-8"?>
<robot generator="Robot 7.3.2 (Python 3.12.3 on win32)" generated="2026-06-15T16:28:38.217301" rpa="false" schemaversion="5">
<suite id="s1" name="Tauri Test" source="C:\Users\RUTUJA DESHPANDE\Desktop\tauri-automation-demo\tauri-demo\robot-tests\tauri_test.robot">
<test id="s1-t1" name="Verify Tauri Greeting Flow" line="5">
<kw name="New Browser" owner="Browser">
<msg time="2026-06-15T16:28:38.752426" level="INFO">{"browser": "chromium", "headless": true, "chromiumSandbox": false, "devtools": false, "handleSIGHUP": true, "handleSIGINT": true, "handleSIGTERM": true, "slowMo": 0.0, "timeout": 30000.0, "tracesDir": "C:\\Users\\RUTUJA DESHPANDE\\Desktop\\tauri-automation-demo\\tauri-demo\\robot-tests\\browser\\traces\\temp\\c39554b4-45f8-4da2-871b-245944125940"}</msg>
<msg time="2026-06-15T16:28:38.802530" level="INFO">Starting Browser process C:\Users\RUTUJA DESHPANDE\AppData\Local\Programs\Python\Python312\Lib\site-packages\Browser\wrapper\index.js using at 127.0.0.1:54909</msg>
<msg time="2026-06-15T16:28:40.202051" level="INFO">Successfully created browser with options: {"browser":"chromium","headless":true,"chromiumSandbox":false,"devtools":false,"handleSIGHUP":true,"handleSIGINT":true,"handleSIGTERM":true,"slowMo":0,"timeout":30000,"tracesDir":"C:\\Users\\RUTUJA DESHPANDE\\Desktop\\tauri-automation-demo\\tauri-demo\\robot-tests\\browser\\traces\\temp\\c39554b4-45f8-4da2-871b-245944125940"}</msg>
<arg>chromium</arg>
<tag>BrowserControl</tag>
<tag>Setter</tag>
<doc>Create a new playwright Browser with specified options.</doc>
<status status="PASS" start="2026-06-15T16:28:38.750418" elapsed="1.451633"/>
</kw>
<kw name="New Page" owner="Browser">
<msg time="2026-06-15T16:28:40.758818" level="INFO">Successfully initialized new page object and opened url: http://localhost:1420/</msg>
<msg time="2026-06-15T16:28:40.758818" level="INFO">No context was open. New context was automatically opened when this page is created.</msg>
<arg>http://localhost:1420/</arg>
<tag>BrowserControl</tag>
<tag>Setter</tag>
<doc>Open a new Page.</doc>
<status status="PASS" start="2026-06-15T16:28:40.204061" elapsed="0.556766"/>
</kw>
<kw name="Fill Text" owner="Browser">
<msg time="2026-06-15T16:28:40.768603" level="INFO">Fills the text 'Rutuja' in the given field.</msg>
<arg>[data-testid="name-input"]</arg>
<arg>Rutuja</arg>
<tag>PageContent</tag>
<tag>Setter</tag>
<doc>Clears and fills the given ``txt`` into the text field found by ``selector``.</doc>
<status status="PASS" start="2026-06-15T16:28:40.768603" elapsed="0.129701"/>
</kw>
<kw name="Click" owner="Browser">
<msg time="2026-06-15T16:28:40.898304" level="INFO">Clicks the element '[data-testid="submit-btn"]'.</msg>
<arg>[data-testid="submit-btn"]</arg>
<tag>PageContent</tag>
<tag>Setter</tag>
<doc>Simulates mouse click on the element found by ``selector``.</doc>
<status status="PASS" start="2026-06-15T16:28:40.898304" elapsed="0.070562"/>
</kw>
<kw name="Get Text" owner="Browser">
<msg time="2026-06-15T16:28:41.031976" level="INFO">Text: 'Hello Rutuja'</msg>
<msg time="2026-06-15T16:28:41.031976" level="INFO">${msg} = Hello Rutuja</msg>
<var>${msg}</var>
<arg>[data-testid="greeting-msg"]</arg>
<tag>Assertion</tag>
<tag>Getter</tag>
<tag>PageContent</tag>
<doc>Returns text attribute of the element found by ``selector``.</doc>
<status status="PASS" start="2026-06-15T16:28:40.968866" elapsed="0.063110"/>
</kw>
<kw name="Should Be Equal" owner="BuiltIn">
<arg>${msg}</arg>
<arg>Hello Rutuja</arg>
<doc>Fails if the given objects are unequal.</doc>
<status status="PASS" start="2026-06-15T16:28:41.031976" elapsed="0.000000"/>
</kw>
<kw name="Close Browser" owner="Browser">
<msg time="2026-06-15T16:28:41.290741" level="INFO">Closed browser</msg>
<tag>BrowserControl</tag>
<tag>Setter</tag>
<doc>Closes the current browser.</doc>
<status status="PASS" start="2026-06-15T16:28:41.031976" elapsed="0.258765"/>
</kw>
<status status="PASS" start="2026-06-15T16:28:38.748409" elapsed="2.542332"/>
</test>
<status status="PASS" start="2026-06-15T16:28:38.217301" elapsed="3.087307"/>
</suite>
<statistics>
<total>
<stat pass="1" fail="0" skip="0">All Tests</stat>
</total>
<tag>
</tag>
<suite>
<stat name="Tauri Test" id="s1" pass="1" fail="0" skip="0">Tauri Test</stat>
</suite>
</statistics>
<errors>
</errors>
</robot>
